{"C:\\Users\\e032126\\Desktop\\Project\\new_service_provisioning_system\\server\\config.js": {"path":"C:\\Users\\e032126\\Desktop\\Project\\new_service_provisioning_system\\server\\config.js","statementMap":{"0":{"start":{"line":2,"column":15},"end":{"line":24,"column":3}}},"fnMap":{},"branchMap":{"0":{"loc":{"start":{"line":26,"column":24},"end":{"line":26,"column":61}},"type":"binary-expr","locations":[{"start":{"line":26,"column":24},"end":{"line":26,"column":44}},{"start":{"line":26,"column":48},"end":{"line":26,"column":61}}],"line":26}},"s":{"0":1},"f":{},"b":{"0":[1,0]},"_coverageSchema":"1a1c01bbd47fc00a2c39e90264f33305004495a9","hash":"e94c704f898512498be6cbfc60acdae8f86d3ede"}
,"C:\\Users\\e032126\\Desktop\\Project\\new_service_provisioning_system\\server\\sequelize.js": {"path":"C:\\Users\\e032126\\Desktop\\Project\\new_service_provisioning_system\\server\\sequelize.js","statementMap":{"0":{"start":{"line":4,"column":18},"end":{"line":7,"column":2}}},"fnMap":{},"branchMap":{},"s":{"0":1},"f":{},"b":{},"_coverageSchema":"1a1c01bbd47fc00a2c39e90264f33305004495a9","hash":"5dea911250efe6eb9a2cef51ff7e72e979a926d8"}
,"C:\\Users\\e032126\\Desktop\\Project\\new_service_provisioning_system\\server\\models\\Archive.js": {"path":"C:\\Users\\e032126\\Desktop\\Project\\new_service_provisioning_system\\server\\models\\Archive.js","statementMap":{"0":{"start":{"line":4,"column":16},"end":{"line":27,"column":2}}},"fnMap":{},"branchMap":{},"s":{"0":1},"f":{},"b":{},"_coverageSchema":"1a1c01bbd47fc00a2c39e90264f33305004495a9","hash":"94cb25b3c58121c6570abfeb45de66b1bf597a23"}
,"C:\\Users\\e032126\\Desktop\\Project\\new_service_provisioning_system\\server\\models\\CustomerService.js": {"path":"C:\\Users\\e032126\\Desktop\\Project\\new_service_provisioning_system\\server\\models\\CustomerService.js","statementMap":{"0":{"start":{"line":6,"column":24},"end":{"line":33,"column":2}},"1":{"start":{"line":36,"column":0},"end":{"line":36,"column":61}},"2":{"start":{"line":37,"column":0},"end":{"line":37,"column":63}},"3":{"start":{"line":39,"column":0},"end":{"line":39,"column":63}},"4":{"start":{"line":40,"column":0},"end":{"line":40,"column":65}}},"fnMap":{},"branchMap":{},"s":{"0":1,"1":1,"2":1,"3":1,"4":1},"f":{},"b":{},"_coverageSchema":"1a1c01bbd47fc00a2c39e90264f33305004495a9","hash":"9ee0e3e5f9934ee7c2b38c7aad84d00db03b6d5e"}
,"C:\\Users\\e032126\\Desktop\\Project\\new_service_provisioning_system\\server\\models\\Plan.js": {"path":"C:\\Users\\e032126\\Desktop\\Project\\new_service_provisioning_system\\server\\models\\Plan.js","statementMap":{"0":{"start":{"line":5,"column":13},"end":{"line":14,"column":2}},"1":{"start":{"line":17,"column":0},"end":{"line":17,"column":52}},"2":{"start":{"line":18,"column":0},"end":{"line":18,"column":54}}},"fnMap":{},"branchMap":{},"s":{"0":1,"1":1,"2":1},"f":{},"b":{},"_coverageSchema":"1a1c01bbd47fc00a2c39e90264f33305004495a9","hash":"944afb3195b1bbd224d181bb2a2d1be44a1d5bbe"}
,"C:\\Users\\e032126\\Desktop\\Project\\new_service_provisioning_system\\server\\models\\Service.js": {"path":"C:\\Users\\e032126\\Desktop\\Project\\new_service_provisioning_system\\server\\models\\Service.js","statementMap":{"0":{"start":{"line":4,"column":16},"end":{"line":11,"column":2}}},"fnMap":{},"branchMap":{},"s":{"0":1},"f":{},"b":{},"_coverageSchema":"1a1c01bbd47fc00a2c39e90264f33305004495a9","hash":"c2bf7626531890af576644ec749bcca8f52ee37e"}
,"C:\\Users\\e032126\\Desktop\\Project\\new_service_provisioning_system\\server\\models\\User.js": {"path":"C:\\Users\\e032126\\Desktop\\Project\\new_service_provisioning_system\\server\\models\\User.js","statementMap":{"0":{"start":{"line":4,"column":13},"end":{"line":25,"column":2}}},"fnMap":{},"branchMap":{},"s":{"0":1},"f":{},"b":{},"_coverageSchema":"1a1c01bbd47fc00a2c39e90264f33305004495a9","hash":"71388254dc151e209d467f6b80692355f686f3bf"}
,"C:\\Users\\e032126\\Desktop\\Project\\new_service_provisioning_system\\server\\models\\index.js": {"path":"C:\\Users\\e032126\\Desktop\\Project\\new_service_provisioning_system\\server\\models\\index.js","statementMap":{"0":{"start":{"line":9,"column":0},"end":{"line":9,"column":85}},"1":{"start":{"line":10,"column":0},"end":{"line":10,"column":84}}},"fnMap":{},"branchMap":{},"s":{"0":1,"1":1},"f":{},"b":{},"_coverageSchema":"1a1c01bbd47fc00a2c39e90264f33305004495a9","hash":"49107f694eb1e36be2ab53881081d328bd647793"}
}
